Determining if the pthread_create exist failed with the following output:
Change Dir: /home/neha/Documents/repo/3d_scan_exercises/Exercise_3_linux/build/CMakeFiles/CMakeTmp

Run Build Command:"/usr/bin/make" "cmTC_c54bf/fast"
/usr/bin/make -f CMakeFiles/cmTC_c54bf.dir/build.make CMakeFiles/cmTC_c54bf.dir/build
make[1]: Entering directory '/home/neha/Documents/repo/3d_scan_exercises/Exercise_3_linux/build/CMakeFiles/CMakeTmp'
Building C object CMakeFiles/cmTC_c54bf.dir/CheckSymbolExists.c.o
/usr/bin/cc     -o CMakeFiles/cmTC_c54bf.dir/CheckSymbolExists.c.o   -c /home/neha/Documents/repo/3d_scan_exercises/Exercise_3_linux/build/CMakeFiles/CMakeTmp/CheckSymbolExists.c
Linking C executable cmTC_c54bf
/usr/bin/cmake -E cmake_link_script CMakeFiles/cmTC_c54bf.dir/link.txt --verbose=1
/usr/bin/cc       CMakeFiles/cmTC_c54bf.dir/CheckSymbolExists.c.o  -o cmTC_c54bf -rdynamic 
CMakeFiles/cmTC_c54bf.dir/CheckSymbolExists.c.o: In function `main':
CheckSymbolExists.c:(.text+0x16): undefined reference to `pthread_create'
collect2: error: ld returned 1 exit status
CMakeFiles/cmTC_c54bf.dir/build.make:97: recipe for target 'cmTC_c54bf' failed
make[1]: *** [cmTC_c54bf] Error 1
make[1]: Leaving directory '/home/neha/Documents/repo/3d_scan_exercises/Exercise_3_linux/build/CMakeFiles/CMakeTmp'
Makefile:126: recipe for target 'cmTC_c54bf/fast' failed
make: *** [cmTC_c54bf/fast] Error 2

File /home/neha/Documents/repo/3d_scan_exercises/Exercise_3_linux/build/CMakeFiles/CMakeTmp/CheckSymbolExists.c:
/* */
#include <pthread.h>

int main(int argc, char** argv)
{
  (void)argv;
#ifndef pthread_create
  return ((int*)(&pthread_create))[argc];
#else
  (void)argc;
  return 0;
#endif
}

Determining if the function pthread_create exists in the pthreads failed with the following output:
Change Dir: /home/neha/Documents/repo/3d_scan_exercises/Exercise_3_linux/build/CMakeFiles/CMakeTmp

Run Build Command:"/usr/bin/make" "cmTC_73c8b/fast"
/usr/bin/make -f CMakeFiles/cmTC_73c8b.dir/build.make CMakeFiles/cmTC_73c8b.dir/build
make[1]: Entering directory '/home/neha/Documents/repo/3d_scan_exercises/Exercise_3_linux/build/CMakeFiles/CMakeTmp'
Building C object CMakeFiles/cmTC_73c8b.dir/CheckFunctionExists.c.o
/usr/bin/cc    -DCHECK_FUNCTION_EXISTS=pthread_create   -o CMakeFiles/cmTC_73c8b.dir/CheckFunctionExists.c.o   -c /usr/share/cmake-3.5/Modules/CheckFunctionExists.c
Linking C executable cmTC_73c8b
/usr/bin/cmake -E cmake_link_script CMakeFiles/cmTC_73c8b.dir/link.txt --verbose=1
/usr/bin/cc   -DCHECK_FUNCTION_EXISTS=pthread_create    CMakeFiles/cmTC_73c8b.dir/CheckFunctionExists.c.o  -o cmTC_73c8b -rdynamic -lpthreads 
/usr/bin/ld: cannot find -lpthreads
collect2: error: ld returned 1 exit status
CMakeFiles/cmTC_73c8b.dir/build.make:97: recipe for target 'cmTC_73c8b' failed
make[1]: *** [cmTC_73c8b] Error 1
make[1]: Leaving directory '/home/neha/Documents/repo/3d_scan_exercises/Exercise_3_linux/build/CMakeFiles/CMakeTmp'
Makefile:126: recipe for target 'cmTC_73c8b/fast' failed
make: *** [cmTC_73c8b/fast] Error 2


